<?xml version='1.0' encoding='UTF-8'?>
<testsuite hostname="UNSC.local" name="PlayerTableTest" tests="11" errors="0" failures="0" skipped="0" time="0.056" timestamp="2024-05-10T09:22:12">
          <properties>
      <property name="java.specification.version" value="21"/><property name="sun.jnu.encoding" value="UTF-8"/><property name="sun.arch.data.model" value="64"/><property name="java.vendor.url" value="https://github.com/Homebrew/homebrew-core/issues"/><property name="sun.boot.library.path" value="/usr/local/Cellar/openjdk/21.0.3/libexec/openjdk.jdk/Contents/Home/lib"/><property name="sun.java.command" value="/usr/local/Cellar/sbt/1.10.0/libexec/bin/sbt-launch.jar clean coverage test"/><property name="jdk.debug" value="release"/><property name="java.specification.vendor" value="Oracle Corporation"/><property name="java.version.date" value="2024-04-16"/><property name="java.home" value="/usr/local/Cellar/openjdk/21.0.3/libexec/openjdk.jdk/Contents/Home"/><property name="file.separator" value="/"/><property name="java.vm.compressedOopsMode" value="Zero based"/><property name="line.separator" value="
"/><property name="java.vm.specification.vendor" value="Oracle Corporation"/><property name="java.specification.name" value="Java Platform API Specification"/><property name="sun.management.compiler" value="HotSpot 64-Bit Tiered Compilers"/><property name="java.runtime.version" value="21.0.3"/><property name="user.name" value="mirkoway"/><property name="log4j.ignoreTCL" value="true"/><property name="file.encoding" value="UTF-8"/><property name="jnidispatch.path" value="/Users/mirkoway/Library/Caches/JNA/temp/jna3806709480596341341.tmp"/><property name="java.vendor.version" value="Homebrew"/><property name="jna.loaded" value="true"/><property name="java.io.tmpdir" value="/var/folders/wg/0vv15z4d4816dzq5dvzcb9rh0000gn/T/"/><property name="java.version" value="21.0.3"/><property name="java.vm.specification.name" value="Java Virtual Machine Specification"/><property name="native.encoding" value="UTF-8"/><property name="java.library.path" value="/Users/mirkoway/Library/Java/Extensions:/Library/Java/Extensions:/Network/Library/Java/Extensions:/System/Library/Java/Extensions:/usr/lib/java:."/><property name="stderr.encoding" value="UTF-8"/><property name="java.vendor" value="Homebrew"/><property name="scala.ext.dirs" value="/Users/mirkoway/.sbt/1.0/java9-rt-ext-homebrew_21_0_3"/><property name="sun.io.unicode.encoding" value="UnicodeBig"/><property name="java.class.path" value="/usr/local/Cellar/sbt/1.10.0/libexec/bin/sbt-launch.jar"/><property name="java.vm.vendor" value="Homebrew"/><property name="jline.shutdownhook" value="false"/><property name="user.timezone" value="Europe/Berlin"/><property name="java.vm.specification.version" value="21"/><property name="os.name" value="Mac OS X"/><property name="sun.java.launcher" value="SUN_STANDARD"/><property name="user.country" value="DE"/><property name="sun.cpu.endian" value="little"/><property name="user.home" value="/Users/mirkoway"/><property name="user.language" value="en"/><property name="sbt.script" value="/usr/local/Cellar/sbt/1.10.0/libexec/bin/sbt"/><property name="sbt.ipcsocket.tmpdir" value="/var/folders/wg/0vv15z4d4816dzq5dvzcb9rh0000gn/T/.sbt5ac38adf/ipcsocket"/><property name="swoval.tmpdir" value="/var/folders/wg/0vv15z4d4816dzq5dvzcb9rh0000gn/T/.sbt5ac38adf/swoval"/><property name="apple.awt.application.name" value="Boot"/><property name="jline.esc.timeout" value="0"/><property name="stdout.encoding" value="UTF-8"/><property name="path.separator" value=":"/><property name="os.version" value="13.5.1"/><property name="jna.nosys" value="true"/><property name="java.runtime.name" value="OpenJDK Runtime Environment"/><property name="java.vm.name" value="OpenJDK 64-Bit Server VM"/><property name="jna.platform.library.path" value="/usr/lib:/usr/lib"/><property name="java.vendor.url.bug" value="https://github.com/Homebrew/homebrew-core/issues"/><property name="user.dir" value="/Users/mirkoway/Documents/HTWG/semester5/SE/Sky-jo"/><property name="os.arch" value="x86_64"/><property name="java.vm.info" value="mixed mode, sharing"/><property name="java.vm.version" value="21.0.3"/><property name="java.class.version" value="65.0"/>
    </properties>
          <testcase classname="PlayerTableTest" name="A PlayerTable when created should have initial state" time="0.033">
                      
                    </testcase><testcase classname="PlayerTableTest" name="A PlayerTable when drawing from the stack should open the top card" time="0.001">
                      
                    </testcase><testcase classname="PlayerTableTest" name="A PlayerTable when updating a player's matrix should update the corresponding position in Tabletop" time="0.002">
                      
                    </testcase><testcase classname="PlayerTableTest" name="A PlayerTable when updating the cardstack should move the card from stack to trash if specified" time="0.001">
                      
                    </testcase><testcase classname="PlayerTableTest" name="A PlayerTable when padding values for cards should pad the values correctly" time="0.001">
                      
                    </testcase><testcase classname="PlayerTableTest" name="A PlayerTable when getting Cardstack String should return correct string representation" time="0.002">
                      
                    </testcase><testcase classname="PlayerTableTest" name="A PlayerTable when getting current player string should return correct string representation" time="0.003">
                      
                    </testcase><testcase classname="PlayerTableTest" name="A PlayerTable when getting player matrices string should return correct string representation" time="0.001">
                      
                    </testcase><testcase classname="PlayerTableTest" name="A PlayerTable when getting player matrices string should return string representation of minimal matrix" time="0.001">
                      
                    </testcase><testcase classname="PlayerTableTest" name="A PlayerTable when getting full table string should return correct string representation" time="0.002">
                      
                    </testcase><testcase classname="PlayerTableTest" name="A PlayerTable when getting Scores should return scores of each player" time="0.009">
                      
                    </testcase>
          <system-out><![CDATA[]]></system-out>
          <system-err><![CDATA[]]></system-err>
        </testsuite>